<?xml version="1.0" encoding="UTF-8"?>
<!-- Generated by org.testng.reporters.JUnitReportReporter -->
<testsuite skipped="0" hostname="IBM-Testing01" name="test.AssOnGoggle" tests="2" failures="0" timestamp="09 Mar 2020 06:51:41 GMT" time="17.472" errors="0">
  <testcase name="checklog" time="9.717" classname="test.AssOnGoggle"/>
  <testcase name="checkurl" time="7.755" classname="test.AssOnGoggle"/>
</testsuite> <!-- test.AssOnGoggle -->
